[2023-03-17 14:36:36] production.ERROR: SQLSTATE[HY000] [1049] Unknown database 'istingen_root' (SQL: select * from `empresas` where `empresas`.`id` = 1 limit 1) {"exception":"[object] (Illuminate\\Database\\QueryException(code: 1049): SQLSTATE[HY000] [1049] Unknown database 'istingen_root' (SQL: select * from `empresas` where `empresas`.`id` = 1 limit 1) at /Users/alejandrohiguitazuleta/Sites/localhost/istinge/vendor/laravel/framework/src/Illuminate/Database/Connection.php:671)
[stacktrace]
#0 /Users/alejandrohiguitazuleta/Sites/localhost/istinge/vendor/laravel/framework/src/Illuminate/Database/Connection.php(631): Illuminate\\Database\\Connection->runQueryCallback('select * from `...', Array, Object(Closure))
#1 /Users/alejandrohiguitazuleta/Sites/localhost/istinge/vendor/laravel/framework/src/Illuminate/Database/Connection.php(339): Illuminate\\Database\\Connection->run('select * from `...', Array, Object(Closure))
#2 /Users/alejandrohiguitazuleta/Sites/localhost/istinge/vendor/laravel/framework/src/Illuminate/Database/Query/Builder.php(2270): Illuminate\\Database\\Connection->select('select * from `...', Array, true)
#3 /Users/alejandrohiguitazuleta/Sites/localhost/istinge/vendor/laravel/framework/src/Illuminate/Database/Query/Builder.php(2258): Illuminate\\Database\\Query\\Builder->runSelect()
#4 /Users/alejandrohiguitazuleta/Sites/localhost/istinge/vendor/laravel/framework/src/Illuminate/Database/Query/Builder.php(2753): Illuminate\\Database\\Query\\Builder->Illuminate\\Database\\Query\\{closure}()
#5 /Users/alejandrohiguitazuleta/Sites/localhost/istinge/vendor/laravel/framework/src/Illuminate/Database/Query/Builder.php(2259): Illuminate\\Database\\Query\\Builder->onceWithColumns(Array, Object(Closure))
#6 /Users/alejandrohiguitazuleta/Sites/localhost/istinge/vendor/laravel/framework/src/Illuminate/Database/Eloquent/Builder.php(548): Illuminate\\Database\\Query\\Builder->get(Array)
#7 /Users/alejandrohiguitazuleta/Sites/localhost/istinge/vendor/laravel/framework/src/Illuminate/Database/Eloquent/Builder.php(532): Illuminate\\Database\\Eloquent\\Builder->getModels(Array)
#8 /Users/alejandrohiguitazuleta/Sites/localhost/istinge/vendor/laravel/framework/src/Illuminate/Database/Concerns/BuildsQueries.php(143): Illuminate\\Database\\Eloquent\\Builder->get(Array)
#9 /Users/alejandrohiguitazuleta/Sites/localhost/istinge/vendor/laravel/framework/src/Illuminate/Database/Eloquent/Builder.php(354): Illuminate\\Database\\Eloquent\\Builder->first(Array)
#10 /Users/alejandrohiguitazuleta/Sites/localhost/istinge/vendor/laravel/framework/src/Illuminate/Support/Traits/ForwardsCalls.php(23): Illuminate\\Database\\Eloquent\\Builder->find(1)
#11 /Users/alejandrohiguitazuleta/Sites/localhost/istinge/vendor/laravel/framework/src/Illuminate/Database/Eloquent/Model.php(1736): Illuminate\\Database\\Eloquent\\Model->forwardCallTo(Object(Illuminate\\Database\\Eloquent\\Builder), 'find', Array)
#12 /Users/alejandrohiguitazuleta/Sites/localhost/istinge/vendor/laravel/framework/src/Illuminate/Database/Eloquent/Model.php(1748): Illuminate\\Database\\Eloquent\\Model->__call('find', Array)
#13 /Users/alejandrohiguitazuleta/Sites/localhost/istinge/app/Http/Controllers/Auth/LoginController.php(48): Illuminate\\Database\\Eloquent\\Model::__callStatic('find', Array)
#14 /Users/alejandrohiguitazuleta/Sites/localhost/istinge/vendor/laravel/framework/src/Illuminate/Routing/Controller.php(54): App\\Http\\Controllers\\Auth\\LoginController->showLoginForm()
#15 /Users/alejandrohiguitazuleta/Sites/localhost/istinge/vendor/laravel/framework/src/Illuminate/Routing/ControllerDispatcher.php(45): Illuminate\\Routing\\Controller->callAction('showLoginForm', Array)
#16 /Users/alejandrohiguitazuleta/Sites/localhost/istinge/vendor/laravel/framework/src/Illuminate/Routing/Route.php(239): Illuminate\\Routing\\ControllerDispatcher->dispatch(Object(Illuminate\\Routing\\Route), Object(App\\Http\\Controllers\\Auth\\LoginController), 'showLoginForm')
#17 /Users/alejandrohiguitazuleta/Sites/localhost/istinge/vendor/laravel/framework/src/Illuminate/Routing/Route.php(196): Illuminate\\Routing\\Route->runController()
#18 /Users/alejandrohiguitazuleta/Sites/localhost/istinge/vendor/laravel/framework/src/Illuminate/Routing/Router.php(685): Illuminate\\Routing\\Route->run()
#19 /Users/alejandrohiguitazuleta/Sites/localhost/istinge/vendor/laravel/framework/src/Illuminate/Pipeline/Pipeline.php(128): Illuminate\\Routing\\Router->Illuminate\\Routing\\{closure}(Object(Illuminate\\Http\\Request))
#20 /Users/alejandrohiguitazuleta/Sites/localhost/istinge/app/Http/Middleware/RedirectIfAuthenticated.php(24): Illuminate\\Pipeline\\Pipeline->Illuminate\\Pipeline\\{closure}(Object(Illuminate\\Http\\Request))
#21 /Users/alejandrohiguitazuleta/Sites/localhost/istinge/vendor/laravel/framework/src/Illuminate/Pipeline/Pipeline.php(167): App\\Http\\Middleware\\RedirectIfAuthenticated->handle(Object(Illuminate\\Http\\Request), Object(Closure))
#22 /Users/alejandrohiguitazuleta/Sites/localhost/istinge/vendor/laravel/framework/src/Illuminate/Routing/Middleware/SubstituteBindings.php(41): Illuminate\\Pipeline\\Pipeline->Illuminate\\Pipeline\\{closure}(Object(Illuminate\\Http\\Request))
#23 /Users/alejandrohiguitazuleta/Sites/localhost/istinge/vendor/laravel/framework/src/Illuminate/Pipeline/Pipeline.php(167): Illuminate\\Routing\\Middleware\\SubstituteBindings->handle(Object(Illuminate\\Http\\Request), Object(Closure))
#24 /Users/alejandrohiguitazuleta/Sites/localhost/istinge/vendor/laravel/framework/src/Illuminate/Foundation/Http/Middleware/VerifyCsrfToken.php(78): Illuminate\\Pipeline\\Pipeline->Illuminate\\Pipeline\\{closure}(Object(Illuminate\\Http\\Request))
#25 /Users/alejandrohiguitazuleta/Sites/localhost/istinge/vendor/laravel/framework/src/Illuminate/Pipeline/Pipeline.php(167): Illuminate\\Foundation\\Http\\Middleware\\VerifyCsrfToken->handle(Object(Illuminate\\Http\\Request), Object(Closure))
#26 /Users/alejandrohiguitazuleta/Sites/localhost/istinge/vendor/laravel/framework/src/Illuminate/View/Middleware/ShareErrorsFromSession.php(49): Illuminate\\Pipeline\\Pipeline->Illuminate\\Pipeline\\{closure}(Object(Illuminate\\Http\\Request))
#27 /Users/alejandrohiguitazuleta/Sites/localhost/istinge/vendor/laravel/framework/src/Illuminate/Pipeline/Pipeline.php(167): Illuminate\\View\\Middleware\\ShareErrorsFromSession->handle(Object(Illuminate\\Http\\Request), Object(Closure))
#28 /Users/alejandrohiguitazuleta/Sites/localhost/istinge/vendor/laravel/framework/src/Illuminate/Session/Middleware/StartSession.php(116): Illuminate\\Pipeline\\Pipeline->Illuminate\\Pipeline\\{closure}(Object(Illuminate\\Http\\Request))
#29 /Users/alejandrohiguitazuleta/Sites/localhost/istinge/vendor/laravel/framework/src/Illuminate/Session/Middleware/StartSession.php(62): Illuminate\\Session\\Middleware\\StartSession->handleStatefulRequest(Object(Illuminate\\Http\\Request), Object(Illuminate\\Session\\Store), Object(Closure))
#30 /Users/alejandrohiguitazuleta/Sites/localhost/istinge/vendor/laravel/framework/src/Illuminate/Pipeline/Pipeline.php(167): Illuminate\\Session\\Middleware\\StartSession->handle(Object(Illuminate\\Http\\Request), Object(Closure))
#31 /Users/alejandrohiguitazuleta/Sites/localhost/istinge/vendor/laravel/framework/src/Illuminate/Cookie/Middleware/AddQueuedCookiesToResponse.php(37): Illuminate\\Pipeline\\Pipeline->Illuminate\\Pipeline\\{closure}(Object(Illuminate\\Http\\Request))
#32 /Users/alejandrohiguitazuleta/Sites/localhost/istinge/vendor/laravel/framework/src/Illuminate/Pipeline/Pipeline.php(167): Illuminate\\Cookie\\Middleware\\AddQueuedCookiesToResponse->handle(Object(Illuminate\\Http\\Request), Object(Closure))
#33 /Users/alejandrohiguitazuleta/Sites/localhost/istinge/vendor/laravel/framework/src/Illuminate/Cookie/Middleware/EncryptCookies.php(67): Illuminate\\Pipeline\\Pipeline->Illuminate\\Pipeline\\{closure}(Object(Illuminate\\Http\\Request))
#34 /Users/alejandrohiguitazuleta/Sites/localhost/istinge/vendor/laravel/framework/src/Illuminate/Pipeline/Pipeline.php(167): Illuminate\\Cookie\\Middleware\\EncryptCookies->handle(Object(Illuminate\\Http\\Request), Object(Closure))
#35 /Users/alejandrohiguitazuleta/Sites/localhost/istinge/vendor/laravel/framework/src/Illuminate/Pipeline/Pipeline.php(103): Illuminate\\Pipeline\\Pipeline->Illuminate\\Pipeline\\{closure}(Object(Illuminate\\Http\\Request))
#36 /Users/alejandrohiguitazuleta/Sites/localhost/istinge/vendor/laravel/framework/src/Illuminate/Routing/Router.php(687): Illuminate\\Pipeline\\Pipeline->then(Object(Closure))
#37 /Users/alejandrohiguitazuleta/Sites/localhost/istinge/vendor/laravel/framework/src/Illuminate/Routing/Router.php(662): Illuminate\\Routing\\Router->runRouteWithinStack(Object(Illuminate\\Routing\\Route), Object(Illuminate\\Http\\Request))
#38 /Users/alejandrohiguitazuleta/Sites/localhost/istinge/vendor/laravel/framework/src/Illuminate/Routing/Router.php(628): Illuminate\\Routing\\Router->runRoute(Object(Illuminate\\Http\\Request), Object(Illuminate\\Routing\\Route))
#39 /Users/alejandrohiguitazuleta/Sites/localhost/istinge/vendor/laravel/framework/src/Illuminate/Routing/Router.php(617): Illuminate\\Routing\\Router->dispatchToRoute(Object(Illuminate\\Http\\Request))
#40 /Users/alejandrohiguitazuleta/Sites/localhost/istinge/vendor/laravel/framework/src/Illuminate/Foundation/Http/Kernel.php(165): Illuminate\\Routing\\Router->dispatch(Object(Illuminate\\Http\\Request))
#41 /Users/alejandrohiguitazuleta/Sites/localhost/istinge/vendor/laravel/framework/src/Illuminate/Pipeline/Pipeline.php(128): Illuminate\\Foundation\\Http\\Kernel->Illuminate\\Foundation\\Http\\{closure}(Object(Illuminate\\Http\\Request))
#42 /Users/alejandrohiguitazuleta/Sites/localhost/istinge/vendor/fideloper/proxy/src/TrustProxies.php(57): Illuminate\\Pipeline\\Pipeline->Illuminate\\Pipeline\\{closure}(Object(Illuminate\\Http\\Request))
#43 /Users/alejandrohiguitazuleta/Sites/localhost/istinge/vendor/laravel/framework/src/Illuminate/Pipeline/Pipeline.php(167): Fideloper\\Proxy\\TrustProxies->handle(Object(Illuminate\\Http\\Request), Object(Closure))
#44 /Users/alejandrohiguitazuleta/Sites/localhost/istinge/vendor/laravel/framework/src/Illuminate/Foundation/Http/Middleware/TransformsRequest.php(21): Illuminate\\Pipeline\\Pipeline->Illuminate\\Pipeline\\{closure}(Object(Illuminate\\Http\\Request))
#45 /Users/alejandrohiguitazuleta/Sites/localhost/istinge/vendor/laravel/framework/src/Illuminate/Pipeline/Pipeline.php(167): Illuminate\\Foundation\\Http\\Middleware\\TransformsRequest->handle(Object(Illuminate\\Http\\Request), Object(Closure))
#46 /Users/alejandrohiguitazuleta/Sites/localhost/istinge/vendor/laravel/framework/src/Illuminate/Foundation/Http/Middleware/TransformsRequest.php(21): Illuminate\\Pipeline\\Pipeline->Illuminate\\Pipeline\\{closure}(Object(Illuminate\\Http\\Request))
#47 /Users/alejandrohiguitazuleta/Sites/localhost/istinge/vendor/laravel/framework/src/Illuminate/Pipeline/Pipeline.php(167): Illuminate\\Foundation\\Http\\Middleware\\TransformsRequest->handle(Object(Illuminate\\Http\\Request), Object(Closure))
#48 /Users/alejandrohiguitazuleta/Sites/localhost/istinge/vendor/laravel/framework/src/Illuminate/Foundation/Http/Middleware/ValidatePostSize.php(27): Illuminate\\Pipeline\\Pipeline->Illuminate\\Pipeline\\{closure}(Object(Illuminate\\Http\\Request))
#49 /Users/alejandrohiguitazuleta/Sites/localhost/istinge/vendor/laravel/framework/src/Illuminate/Pipeline/Pipeline.php(167): Illuminate\\Foundation\\Http\\Middleware\\ValidatePostSize->handle(Object(Illuminate\\Http\\Request), Object(Closure))
#50 /Users/alejandrohiguitazuleta/Sites/localhost/istinge/vendor/laravel/framework/src/Illuminate/Foundation/Http/Middleware/CheckForMaintenanceMode.php(63): Illuminate\\Pipeline\\Pipeline->Illuminate\\Pipeline\\{closure}(Object(Illuminate\\Http\\Request))
#51 /Users/alejandrohiguitazuleta/Sites/localhost/istinge/vendor/laravel/framework/src/Illuminate/Pipeline/Pipeline.php(167): Illuminate\\Foundation\\Http\\Middleware\\CheckForMaintenanceMode->handle(Object(Illuminate\\Http\\Request), Object(Closure))
#52 /Users/alejandrohiguitazuleta/Sites/localhost/istinge/vendor/laravel/framework/src/Illuminate/Pipeline/Pipeline.php(103): Illuminate\\Pipeline\\Pipeline->Illuminate\\Pipeline\\{closure}(Object(Illuminate\\Http\\Request))
#53 /Users/alejandrohiguitazuleta/Sites/localhost/istinge/vendor/laravel/framework/src/Illuminate/Foundation/Http/Kernel.php(140): Illuminate\\Pipeline\\Pipeline->then(Object(Closure))
#54 /Users/alejandrohiguitazuleta/Sites/localhost/istinge/vendor/laravel/framework/src/Illuminate/Foundation/Http/Kernel.php(109): Illuminate\\Foundation\\Http\\Kernel->sendRequestThroughRouter(Object(Illuminate\\Http\\Request))
#55 /Users/alejandrohiguitazuleta/Sites/localhost/istinge/public/index.php(58): Illuminate\\Foundation\\Http\\Kernel->handle(Object(Illuminate\\Http\\Request))
#56 /Users/alejandrohiguitazuleta/Sites/localhost/istinge/server.php(21): require_once('/Users/alejandr...')
#57 {main}

[previous exception] [object] (PDOException(code: 1049): SQLSTATE[HY000] [1049] Unknown database 'istingen_root' at /Users/alejandrohiguitazuleta/Sites/localhost/istinge/vendor/laravel/framework/src/Illuminate/Database/Connectors/Connector.php:70)
[stacktrace]
#0 /Users/alejandrohiguitazuleta/Sites/localhost/istinge/vendor/laravel/framework/src/Illuminate/Database/Connectors/Connector.php(70): PDO->__construct('mysql:host=127....', 'root', 'password', Array)
#1 /Users/alejandrohiguitazuleta/Sites/localhost/istinge/vendor/laravel/framework/src/Illuminate/Database/Connectors/Connector.php(46): Illuminate\\Database\\Connectors\\Connector->createPdoConnection('mysql:host=127....', 'root', 'password', Array)
#2 /Users/alejandrohiguitazuleta/Sites/localhost/istinge/vendor/laravel/framework/src/Illuminate/Database/Connectors/MySqlConnector.php(24): Illuminate\\Database\\Connectors\\Connector->createConnection('mysql:host=127....', Array, Array)
#3 /Users/alejandrohiguitazuleta/Sites/localhost/istinge/vendor/laravel/framework/src/Illuminate/Database/Connectors/ConnectionFactory.php(184): Illuminate\\Database\\Connectors\\MySqlConnector->connect(Array)
#4 [internal function]: Illuminate\\Database\\Connectors\\ConnectionFactory->Illuminate\\Database\\Connectors\\{closure}()
#5 /Users/alejandrohiguitazuleta/Sites/localhost/istinge/vendor/laravel/framework/src/Illuminate/Database/Connection.php(926): call_user_func(Object(Closure))
#6 /Users/alejandrohiguitazuleta/Sites/localhost/istinge/vendor/laravel/framework/src/Illuminate/Database/Connection.php(961): Illuminate\\Database\\Connection->getPdo()
#7 /Users/alejandrohiguitazuleta/Sites/localhost/istinge/vendor/laravel/framework/src/Illuminate/Database/Connection.php(405): Illuminate\\Database\\Connection->getReadPdo()
#8 /Users/alejandrohiguitazuleta/Sites/localhost/istinge/vendor/laravel/framework/src/Illuminate/Database/Connection.php(331): Illuminate\\Database\\Connection->getPdoForSelect(true)
#9 /Users/alejandrohiguitazuleta/Sites/localhost/istinge/vendor/laravel/framework/src/Illuminate/Database/Connection.php(664): Illuminate\\Database\\Connection->Illuminate\\Database\\{closure}('select * from `...', Array)
#10 /Users/alejandrohiguitazuleta/Sites/localhost/istinge/vendor/laravel/framework/src/Illuminate/Database/Connection.php(631): Illuminate\\Database\\Connection->runQueryCallback('select * from `...', Array, Object(Closure))
#11 /Users/alejandrohiguitazuleta/Sites/localhost/istinge/vendor/laravel/framework/src/Illuminate/Database/Connection.php(339): Illuminate\\Database\\Connection->run('select * from `...', Array, Object(Closure))
#12 /Users/alejandrohiguitazuleta/Sites/localhost/istinge/vendor/laravel/framework/src/Illuminate/Database/Query/Builder.php(2270): Illuminate\\Database\\Connection->select('select * from `...', Array, true)
#13 /Users/alejandrohiguitazuleta/Sites/localhost/istinge/vendor/laravel/framework/src/Illuminate/Database/Query/Builder.php(2258): Illuminate\\Database\\Query\\Builder->runSelect()
#14 /Users/alejandrohiguitazuleta/Sites/localhost/istinge/vendor/laravel/framework/src/Illuminate/Database/Query/Builder.php(2753): Illuminate\\Database\\Query\\Builder->Illuminate\\Database\\Query\\{closure}()
#15 /Users/alejandrohiguitazuleta/Sites/localhost/istinge/vendor/laravel/framework/src/Illuminate/Database/Query/Builder.php(2259): Illuminate\\Database\\Query\\Builder->onceWithColumns(Array, Object(Closure))
#16 /Users/alejandrohiguitazuleta/Sites/localhost/istinge/vendor/laravel/framework/src/Illuminate/Database/Eloquent/Builder.php(548): Illuminate\\Database\\Query\\Builder->get(Array)
#17 /Users/alejandrohiguitazuleta/Sites/localhost/istinge/vendor/laravel/framework/src/Illuminate/Database/Eloquent/Builder.php(532): Illuminate\\Database\\Eloquent\\Builder->getModels(Array)
#18 /Users/alejandrohiguitazuleta/Sites/localhost/istinge/vendor/laravel/framework/src/Illuminate/Database/Concerns/BuildsQueries.php(143): Illuminate\\Database\\Eloquent\\Builder->get(Array)
#19 /Users/alejandrohiguitazuleta/Sites/localhost/istinge/vendor/laravel/framework/src/Illuminate/Database/Eloquent/Builder.php(354): Illuminate\\Database\\Eloquent\\Builder->first(Array)
#20 /Users/alejandrohiguitazuleta/Sites/localhost/istinge/vendor/laravel/framework/src/Illuminate/Support/Traits/ForwardsCalls.php(23): Illuminate\\Database\\Eloquent\\Builder->find(1)
#21 /Users/alejandrohiguitazuleta/Sites/localhost/istinge/vendor/laravel/framework/src/Illuminate/Database/Eloquent/Model.php(1736): Illuminate\\Database\\Eloquent\\Model->forwardCallTo(Object(Illuminate\\Database\\Eloquent\\Builder), 'find', Array)
#22 /Users/alejandrohiguitazuleta/Sites/localhost/istinge/vendor/laravel/framework/src/Illuminate/Database/Eloquent/Model.php(1748): Illuminate\\Database\\Eloquent\\Model->__call('find', Array)
#23 /Users/alejandrohiguitazuleta/Sites/localhost/istinge/app/Http/Controllers/Auth/LoginController.php(48): Illuminate\\Database\\Eloquent\\Model::__callStatic('find', Array)
#24 /Users/alejandrohiguitazuleta/Sites/localhost/istinge/vendor/laravel/framework/src/Illuminate/Routing/Controller.php(54): App\\Http\\Controllers\\Auth\\LoginController->showLoginForm()
#25 /Users/alejandrohiguitazuleta/Sites/localhost/istinge/vendor/laravel/framework/src/Illuminate/Routing/ControllerDispatcher.php(45): Illuminate\\Routing\\Controller->callAction('showLoginForm', Array)
#26 /Users/alejandrohiguitazuleta/Sites/localhost/istinge/vendor/laravel/framework/src/Illuminate/Routing/Route.php(239): Illuminate\\Routing\\ControllerDispatcher->dispatch(Object(Illuminate\\Routing\\Route), Object(App\\Http\\Controllers\\Auth\\LoginController), 'showLoginForm')
#27 /Users/alejandrohiguitazuleta/Sites/localhost/istinge/vendor/laravel/framework/src/Illuminate/Routing/Route.php(196): Illuminate\\Routing\\Route->runController()
#28 /Users/alejandrohiguitazuleta/Sites/localhost/istinge/vendor/laravel/framework/src/Illuminate/Routing/Router.php(685): Illuminate\\Routing\\Route->run()
#29 /Users/alejandrohiguitazuleta/Sites/localhost/istinge/vendor/laravel/framework/src/Illuminate/Pipeline/Pipeline.php(128): Illuminate\\Routing\\Router->Illuminate\\Routing\\{closure}(Object(Illuminate\\Http\\Request))
#30 /Users/alejandrohiguitazuleta/Sites/localhost/istinge/app/Http/Middleware/RedirectIfAuthenticated.php(24): Illuminate\\Pipeline\\Pipeline->Illuminate\\Pipeline\\{closure}(Object(Illuminate\\Http\\Request))
#31 /Users/alejandrohiguitazuleta/Sites/localhost/istinge/vendor/laravel/framework/src/Illuminate/Pipeline/Pipeline.php(167): App\\Http\\Middleware\\RedirectIfAuthenticated->handle(Object(Illuminate\\Http\\Request), Object(Closure))
#32 /Users/alejandrohiguitazuleta/Sites/localhost/istinge/vendor/laravel/framework/src/Illuminate/Routing/Middleware/SubstituteBindings.php(41): Illuminate\\Pipeline\\Pipeline->Illuminate\\Pipeline\\{closure}(Object(Illuminate\\Http\\Request))
#33 /Users/alejandrohiguitazuleta/Sites/localhost/istinge/vendor/laravel/framework/src/Illuminate/Pipeline/Pipeline.php(167): Illuminate\\Routing\\Middleware\\SubstituteBindings->handle(Object(Illuminate\\Http\\Request), Object(Closure))
#34 /Users/alejandrohiguitazuleta/Sites/localhost/istinge/vendor/laravel/framework/src/Illuminate/Foundation/Http/Middleware/VerifyCsrfToken.php(78): Illuminate\\Pipeline\\Pipeline->Illuminate\\Pipeline\\{closure}(Object(Illuminate\\Http\\Request))
#35 /Users/alejandrohiguitazuleta/Sites/localhost/istinge/vendor/laravel/framework/src/Illuminate/Pipeline/Pipeline.php(167): Illuminate\\Foundation\\Http\\Middleware\\VerifyCsrfToken->handle(Object(Illuminate\\Http\\Request), Object(Closure))
#36 /Users/alejandrohiguitazuleta/Sites/localhost/istinge/vendor/laravel/framework/src/Illuminate/View/Middleware/ShareErrorsFromSession.php(49): Illuminate\\Pipeline\\Pipeline->Illuminate\\Pipeline\\{closure}(Object(Illuminate\\Http\\Request))
#37 /Users/alejandrohiguitazuleta/Sites/localhost/istinge/vendor/laravel/framework/src/Illuminate/Pipeline/Pipeline.php(167): Illuminate\\View\\Middleware\\ShareErrorsFromSession->handle(Object(Illuminate\\Http\\Request), Object(Closure))
#38 /Users/alejandrohiguitazuleta/Sites/localhost/istinge/vendor/laravel/framework/src/Illuminate/Session/Middleware/StartSession.php(116): Illuminate\\Pipeline\\Pipeline->Illuminate\\Pipeline\\{closure}(Object(Illuminate\\Http\\Request))
#39 /Users/alejandrohiguitazuleta/Sites/localhost/istinge/vendor/laravel/framework/src/Illuminate/Session/Middleware/StartSession.php(62): Illuminate\\Session\\Middleware\\StartSession->handleStatefulRequest(Object(Illuminate\\Http\\Request), Object(Illuminate\\Session\\Store), Object(Closure))
#40 /Users/alejandrohiguitazuleta/Sites/localhost/istinge/vendor/laravel/framework/src/Illuminate/Pipeline/Pipeline.php(167): Illuminate\\Session\\Middleware\\StartSession->handle(Object(Illuminate\\Http\\Request), Object(Closure))
#41 /Users/alejandrohiguitazuleta/Sites/localhost/istinge/vendor/laravel/framework/src/Illuminate/Cookie/Middleware/AddQueuedCookiesToResponse.php(37): Illuminate\\Pipeline\\Pipeline->Illuminate\\Pipeline\\{closure}(Object(Illuminate\\Http\\Request))
#42 /Users/alejandrohiguitazuleta/Sites/localhost/istinge/vendor/laravel/framework/src/Illuminate/Pipeline/Pipeline.php(167): Illuminate\\Cookie\\Middleware\\AddQueuedCookiesToResponse->handle(Object(Illuminate\\Http\\Request), Object(Closure))
#43 /Users/alejandrohiguitazuleta/Sites/localhost/istinge/vendor/laravel/framework/src/Illuminate/Cookie/Middleware/EncryptCookies.php(67): Illuminate\\Pipeline\\Pipeline->Illuminate\\Pipeline\\{closure}(Object(Illuminate\\Http\\Request))
#44 /Users/alejandrohiguitazuleta/Sites/localhost/istinge/vendor/laravel/framework/src/Illuminate/Pipeline/Pipeline.php(167): Illuminate\\Cookie\\Middleware\\EncryptCookies->handle(Object(Illuminate\\Http\\Request), Object(Closure))
#45 /Users/alejandrohiguitazuleta/Sites/localhost/istinge/vendor/laravel/framework/src/Illuminate/Pipeline/Pipeline.php(103): Illuminate\\Pipeline\\Pipeline->Illuminate\\Pipeline\\{closure}(Object(Illuminate\\Http\\Request))
#46 /Users/alejandrohiguitazuleta/Sites/localhost/istinge/vendor/laravel/framework/src/Illuminate/Routing/Router.php(687): Illuminate\\Pipeline\\Pipeline->then(Object(Closure))
#47 /Users/alejandrohiguitazuleta/Sites/localhost/istinge/vendor/laravel/framework/src/Illuminate/Routing/Router.php(662): Illuminate\\Routing\\Router->runRouteWithinStack(Object(Illuminate\\Routing\\Route), Object(Illuminate\\Http\\Request))
#48 /Users/alejandrohiguitazuleta/Sites/localhost/istinge/vendor/laravel/framework/src/Illuminate/Routing/Router.php(628): Illuminate\\Routing\\Router->runRoute(Object(Illuminate\\Http\\Request), Object(Illuminate\\Routing\\Route))
#49 /Users/alejandrohiguitazuleta/Sites/localhost/istinge/vendor/laravel/framework/src/Illuminate/Routing/Router.php(617): Illuminate\\Routing\\Router->dispatchToRoute(Object(Illuminate\\Http\\Request))
#50 /Users/alejandrohiguitazuleta/Sites/localhost/istinge/vendor/laravel/framework/src/Illuminate/Foundation/Http/Kernel.php(165): Illuminate\\Routing\\Router->dispatch(Object(Illuminate\\Http\\Request))
#51 /Users/alejandrohiguitazuleta/Sites/localhost/istinge/vendor/laravel/framework/src/Illuminate/Pipeline/Pipeline.php(128): Illuminate\\Foundation\\Http\\Kernel->Illuminate\\Foundation\\Http\\{closure}(Object(Illuminate\\Http\\Request))
#52 /Users/alejandrohiguitazuleta/Sites/localhost/istinge/vendor/fideloper/proxy/src/TrustProxies.php(57): Illuminate\\Pipeline\\Pipeline->Illuminate\\Pipeline\\{closure}(Object(Illuminate\\Http\\Request))
#53 /Users/alejandrohiguitazuleta/Sites/localhost/istinge/vendor/laravel/framework/src/Illuminate/Pipeline/Pipeline.php(167): Fideloper\\Proxy\\TrustProxies->handle(Object(Illuminate\\Http\\Request), Object(Closure))
#54 /Users/alejandrohiguitazuleta/Sites/localhost/istinge/vendor/laravel/framework/src/Illuminate/Foundation/Http/Middleware/TransformsRequest.php(21): Illuminate\\Pipeline\\Pipeline->Illuminate\\Pipeline\\{closure}(Object(Illuminate\\Http\\Request))
#55 /Users/alejandrohiguitazuleta/Sites/localhost/istinge/vendor/laravel/framework/src/Illuminate/Pipeline/Pipeline.php(167): Illuminate\\Foundation\\Http\\Middleware\\TransformsRequest->handle(Object(Illuminate\\Http\\Request), Object(Closure))
#56 /Users/alejandrohiguitazuleta/Sites/localhost/istinge/vendor/laravel/framework/src/Illuminate/Foundation/Http/Middleware/TransformsRequest.php(21): Illuminate\\Pipeline\\Pipeline->Illuminate\\Pipeline\\{closure}(Object(Illuminate\\Http\\Request))
#57 /Users/alejandrohiguitazuleta/Sites/localhost/istinge/vendor/laravel/framework/src/Illuminate/Pipeline/Pipeline.php(167): Illuminate\\Foundation\\Http\\Middleware\\TransformsRequest->handle(Object(Illuminate\\Http\\Request), Object(Closure))
#58 /Users/alejandrohiguitazuleta/Sites/localhost/istinge/vendor/laravel/framework/src/Illuminate/Foundation/Http/Middleware/ValidatePostSize.php(27): Illuminate\\Pipeline\\Pipeline->Illuminate\\Pipeline\\{closure}(Object(Illuminate\\Http\\Request))
#59 /Users/alejandrohiguitazuleta/Sites/localhost/istinge/vendor/laravel/framework/src/Illuminate/Pipeline/Pipeline.php(167): Illuminate\\Foundation\\Http\\Middleware\\ValidatePostSize->handle(Object(Illuminate\\Http\\Request), Object(Closure))
#60 /Users/alejandrohiguitazuleta/Sites/localhost/istinge/vendor/laravel/framework/src/Illuminate/Foundation/Http/Middleware/CheckForMaintenanceMode.php(63): Illuminate\\Pipeline\\Pipeline->Illuminate\\Pipeline\\{closure}(Object(Illuminate\\Http\\Request))
#61 /Users/alejandrohiguitazuleta/Sites/localhost/istinge/vendor/laravel/framework/src/Illuminate/Pipeline/Pipeline.php(167): Illuminate\\Foundation\\Http\\Middleware\\CheckForMaintenanceMode->handle(Object(Illuminate\\Http\\Request), Object(Closure))
#62 /Users/alejandrohiguitazuleta/Sites/localhost/istinge/vendor/laravel/framework/src/Illuminate/Pipeline/Pipeline.php(103): Illuminate\\Pipeline\\Pipeline->Illuminate\\Pipeline\\{closure}(Object(Illuminate\\Http\\Request))
#63 /Users/alejandrohiguitazuleta/Sites/localhost/istinge/vendor/laravel/framework/src/Illuminate/Foundation/Http/Kernel.php(140): Illuminate\\Pipeline\\Pipeline->then(Object(Closure))
#64 /Users/alejandrohiguitazuleta/Sites/localhost/istinge/vendor/laravel/framework/src/Illuminate/Foundation/Http/Kernel.php(109): Illuminate\\Foundation\\Http\\Kernel->sendRequestThroughRouter(Object(Illuminate\\Http\\Request))
#65 /Users/alejandrohiguitazuleta/Sites/localhost/istinge/public/index.php(58): Illuminate\\Foundation\\Http\\Kernel->handle(Object(Illuminate\\Http\\Request))
#66 /Users/alejandrohiguitazuleta/Sites/localhost/istinge/server.php(21): require_once('/Users/alejandr...')
#67 {main}
"} 
[2023-03-17 14:36:36] production.ERROR: file_put_contents(C:\laragon\www\istingen\storage\framework/sessions/TGPaGqCBXAZ5yM26KV3gTjJFOyBan2REqGG3iYIK): failed to open stream: No such file or directory {"exception":"[object] (ErrorException(code: 0): file_put_contents(C:\\laragon\\www\\istingen\\storage\\framework/sessions/TGPaGqCBXAZ5yM26KV3gTjJFOyBan2REqGG3iYIK): failed to open stream: No such file or directory at /Users/alejandrohiguitazuleta/Sites/localhost/istinge/vendor/laravel/framework/src/Illuminate/Filesystem/Filesystem.php:135)
[stacktrace]
#0 [internal function]: Illuminate\\Foundation\\Bootstrap\\HandleExceptions->handleError(2, 'file_put_conten...', '/Users/alejandr...', 135, Array)
#1 /Users/alejandrohiguitazuleta/Sites/localhost/istinge/vendor/laravel/framework/src/Illuminate/Filesystem/Filesystem.php(135): file_put_contents('C:\\\\laragon\\\\www\\\\...', 'a:3:{s:6:\"_toke...', 2)
#2 /Users/alejandrohiguitazuleta/Sites/localhost/istinge/vendor/laravel/framework/src/Illuminate/Session/FileSessionHandler.php(83): Illuminate\\Filesystem\\Filesystem->put('C:\\\\laragon\\\\www\\\\...', 'a:3:{s:6:\"_toke...', true)
#3 /Users/alejandrohiguitazuleta/Sites/localhost/istinge/vendor/laravel/framework/src/Illuminate/Session/Store.php(129): Illuminate\\Session\\FileSessionHandler->write('TGPaGqCBXAZ5yM2...', 'a:3:{s:6:\"_toke...')
#4 /Users/alejandrohiguitazuleta/Sites/localhost/istinge/vendor/laravel/framework/src/Illuminate/Session/Middleware/StartSession.php(231): Illuminate\\Session\\Store->save()
#5 /Users/alejandrohiguitazuleta/Sites/localhost/istinge/vendor/laravel/framework/src/Illuminate/Session/Middleware/StartSession.php(125): Illuminate\\Session\\Middleware\\StartSession->saveSession(Object(Illuminate\\Http\\Request))
#6 /Users/alejandrohiguitazuleta/Sites/localhost/istinge/vendor/laravel/framework/src/Illuminate/Session/Middleware/StartSession.php(62): Illuminate\\Session\\Middleware\\StartSession->handleStatefulRequest(Object(Illuminate\\Http\\Request), Object(Illuminate\\Session\\Store), Object(Closure))
#7 /Users/alejandrohiguitazuleta/Sites/localhost/istinge/vendor/laravel/framework/src/Illuminate/Pipeline/Pipeline.php(167): Illuminate\\Session\\Middleware\\StartSession->handle(Object(Illuminate\\Http\\Request), Object(Closure))
#8 /Users/alejandrohiguitazuleta/Sites/localhost/istinge/vendor/laravel/framework/src/Illuminate/Cookie/Middleware/AddQueuedCookiesToResponse.php(37): Illuminate\\Pipeline\\Pipeline->Illuminate\\Pipeline\\{closure}(Object(Illuminate\\Http\\Request))
#9 /Users/alejandrohiguitazuleta/Sites/localhost/istinge/vendor/laravel/framework/src/Illuminate/Pipeline/Pipeline.php(167): Illuminate\\Cookie\\Middleware\\AddQueuedCookiesToResponse->handle(Object(Illuminate\\Http\\Request), Object(Closure))
#10 /Users/alejandrohiguitazuleta/Sites/localhost/istinge/vendor/laravel/framework/src/Illuminate/Cookie/Middleware/EncryptCookies.php(67): Illuminate\\Pipeline\\Pipeline->Illuminate\\Pipeline\\{closure}(Object(Illuminate\\Http\\Request))
#11 /Users/alejandrohiguitazuleta/Sites/localhost/istinge/vendor/laravel/framework/src/Illuminate/Pipeline/Pipeline.php(167): Illuminate\\Cookie\\Middleware\\EncryptCookies->handle(Object(Illuminate\\Http\\Request), Object(Closure))
#12 /Users/alejandrohiguitazuleta/Sites/localhost/istinge/vendor/laravel/framework/src/Illuminate/Pipeline/Pipeline.php(103): Illuminate\\Pipeline\\Pipeline->Illuminate\\Pipeline\\{closure}(Object(Illuminate\\Http\\Request))
#13 /Users/alejandrohiguitazuleta/Sites/localhost/istinge/vendor/laravel/framework/src/Illuminate/Routing/Router.php(687): Illuminate\\Pipeline\\Pipeline->then(Object(Closure))
#14 /Users/alejandrohiguitazuleta/Sites/localhost/istinge/vendor/laravel/framework/src/Illuminate/Routing/Router.php(662): Illuminate\\Routing\\Router->runRouteWithinStack(Object(Illuminate\\Routing\\Route), Object(Illuminate\\Http\\Request))
#15 /Users/alejandrohiguitazuleta/Sites/localhost/istinge/vendor/laravel/framework/src/Illuminate/Routing/Router.php(628): Illuminate\\Routing\\Router->runRoute(Object(Illuminate\\Http\\Request), Object(Illuminate\\Routing\\Route))
#16 /Users/alejandrohiguitazuleta/Sites/localhost/istinge/vendor/laravel/framework/src/Illuminate/Routing/Router.php(617): Illuminate\\Routing\\Router->dispatchToRoute(Object(Illuminate\\Http\\Request))
#17 /Users/alejandrohiguitazuleta/Sites/localhost/istinge/vendor/laravel/framework/src/Illuminate/Foundation/Http/Kernel.php(165): Illuminate\\Routing\\Router->dispatch(Object(Illuminate\\Http\\Request))
#18 /Users/alejandrohiguitazuleta/Sites/localhost/istinge/vendor/laravel/framework/src/Illuminate/Pipeline/Pipeline.php(128): Illuminate\\Foundation\\Http\\Kernel->Illuminate\\Foundation\\Http\\{closure}(Object(Illuminate\\Http\\Request))
#19 /Users/alejandrohiguitazuleta/Sites/localhost/istinge/vendor/fideloper/proxy/src/TrustProxies.php(57): Illuminate\\Pipeline\\Pipeline->Illuminate\\Pipeline\\{closure}(Object(Illuminate\\Http\\Request))
#20 /Users/alejandrohiguitazuleta/Sites/localhost/istinge/vendor/laravel/framework/src/Illuminate/Pipeline/Pipeline.php(167): Fideloper\\Proxy\\TrustProxies->handle(Object(Illuminate\\Http\\Request), Object(Closure))
#21 /Users/alejandrohiguitazuleta/Sites/localhost/istinge/vendor/laravel/framework/src/Illuminate/Foundation/Http/Middleware/TransformsRequest.php(21): Illuminate\\Pipeline\\Pipeline->Illuminate\\Pipeline\\{closure}(Object(Illuminate\\Http\\Request))
#22 /Users/alejandrohiguitazuleta/Sites/localhost/istinge/vendor/laravel/framework/src/Illuminate/Pipeline/Pipeline.php(167): Illuminate\\Foundation\\Http\\Middleware\\TransformsRequest->handle(Object(Illuminate\\Http\\Request), Object(Closure))
#23 /Users/alejandrohiguitazuleta/Sites/localhost/istinge/vendor/laravel/framework/src/Illuminate/Foundation/Http/Middleware/TransformsRequest.php(21): Illuminate\\Pipeline\\Pipeline->Illuminate\\Pipeline\\{closure}(Object(Illuminate\\Http\\Request))
#24 /Users/alejandrohiguitazuleta/Sites/localhost/istinge/vendor/laravel/framework/src/Illuminate/Pipeline/Pipeline.php(167): Illuminate\\Foundation\\Http\\Middleware\\TransformsRequest->handle(Object(Illuminate\\Http\\Request), Object(Closure))
#25 /Users/alejandrohiguitazuleta/Sites/localhost/istinge/vendor/laravel/framework/src/Illuminate/Foundation/Http/Middleware/ValidatePostSize.php(27): Illuminate\\Pipeline\\Pipeline->Illuminate\\Pipeline\\{closure}(Object(Illuminate\\Http\\Request))
#26 /Users/alejandrohiguitazuleta/Sites/localhost/istinge/vendor/laravel/framework/src/Illuminate/Pipeline/Pipeline.php(167): Illuminate\\Foundation\\Http\\Middleware\\ValidatePostSize->handle(Object(Illuminate\\Http\\Request), Object(Closure))
#27 /Users/alejandrohiguitazuleta/Sites/localhost/istinge/vendor/laravel/framework/src/Illuminate/Foundation/Http/Middleware/CheckForMaintenanceMode.php(63): Illuminate\\Pipeline\\Pipeline->Illuminate\\Pipeline\\{closure}(Object(Illuminate\\Http\\Request))
#28 /Users/alejandrohiguitazuleta/Sites/localhost/istinge/vendor/laravel/framework/src/Illuminate/Pipeline/Pipeline.php(167): Illuminate\\Foundation\\Http\\Middleware\\CheckForMaintenanceMode->handle(Object(Illuminate\\Http\\Request), Object(Closure))
#29 /Users/alejandrohiguitazuleta/Sites/localhost/istinge/vendor/laravel/framework/src/Illuminate/Pipeline/Pipeline.php(103): Illuminate\\Pipeline\\Pipeline->Illuminate\\Pipeline\\{closure}(Object(Illuminate\\Http\\Request))
#30 /Users/alejandrohiguitazuleta/Sites/localhost/istinge/vendor/laravel/framework/src/Illuminate/Foundation/Http/Kernel.php(140): Illuminate\\Pipeline\\Pipeline->then(Object(Closure))
#31 /Users/alejandrohiguitazuleta/Sites/localhost/istinge/vendor/laravel/framework/src/Illuminate/Foundation/Http/Kernel.php(109): Illuminate\\Foundation\\Http\\Kernel->sendRequestThroughRouter(Object(Illuminate\\Http\\Request))
#32 /Users/alejandrohiguitazuleta/Sites/localhost/istinge/public/index.php(58): Illuminate\\Foundation\\Http\\Kernel->handle(Object(Illuminate\\Http\\Request))
#33 /Users/alejandrohiguitazuleta/Sites/localhost/istinge/server.php(21): require_once('/Users/alejandr...')
#34 {main}
"} 
